<testsuites id="" name="" tests="6" failures="6" skipped="0" errors="0" time="14.427916">
<testsuite name="example.spec.ts" timestamp="2025-10-24T16:35:33.473Z" hostname="Chromium" tests="2" failures="2" skipped="0" time="0.024" errors="0">
<testcase name="has title" classname="example.spec.ts" time="0.012">
<failure message="example.spec.ts:3:5 has title" type="FAILURE">
<![CDATA[  [Chromium] › example.spec.ts:3:5 › has title ─────────────────────────────────────────────────────

    Error: browserType.launch: Executable doesn't exist at /ms-playwright/chromium-1194/chrome-linux/chrome
    ╔══════════════════════════════════════════════════════════════════════╗
    ║ Looks like Playwright Test or Playwright was just updated to 1.56.1. ║
    ║ Please update docker image as well.                                  ║
    ║ -  current: mcr.microsoft.com/playwright:v1.43.1-jammy               ║
    ║ - required: mcr.microsoft.com/playwright:v1.56.1-jammy               ║
    ║                                                                      ║
    ║ <3 Playwright Team                                                   ║
    ╚══════════════════════════════════════════════════════════════════════╝

    Retry #1 ───────────────────────────────────────────────────────────────────────────────────────

    Error: browserType.launch: Executable doesn't exist at /ms-playwright/chromium-1194/chrome-linux/chrome
    ╔══════════════════════════════════════════════════════════════════════╗
    ║ Looks like Playwright Test or Playwright was just updated to 1.56.1. ║
    ║ Please update docker image as well.                                  ║
    ║ -  current: mcr.microsoft.com/playwright:v1.43.1-jammy               ║
    ║ - required: mcr.microsoft.com/playwright:v1.56.1-jammy               ║
    ║                                                                      ║
    ║ <3 Playwright Team                                                   ║
    ╚══════════════════════════════════════════════════════════════════════╝

    attachment #1: trace (application/zip) ─────────────────────────────────────────────────────────
    ../reports/example-has-title-Chromium-retry1/trace.zip
    Usage:

        npx playwright show-trace ../reports/example-has-title-Chromium-retry1/trace.zip

    ────────────────────────────────────────────────────────────────────────────────────────────────
]]>
</failure>
<system-out>
<![CDATA[
[[ATTACHMENT|example-has-title-Chromium-retry1/trace.zip]]
]]>
</system-out>
</testcase>
<testcase name="get started link" classname="example.spec.ts" time="0.012">
<failure message="example.spec.ts:10:5 get started link" type="FAILURE">
<![CDATA[  [Chromium] › example.spec.ts:10:5 › get started link ─────────────────────────────────────────────

    Error: browserType.launch: Executable doesn't exist at /ms-playwright/chromium-1194/chrome-linux/chrome
    ╔══════════════════════════════════════════════════════════════════════╗
    ║ Looks like Playwright Test or Playwright was just updated to 1.56.1. ║
    ║ Please update docker image as well.                                  ║
    ║ -  current: mcr.microsoft.com/playwright:v1.43.1-jammy               ║
    ║ - required: mcr.microsoft.com/playwright:v1.56.1-jammy               ║
    ║                                                                      ║
    ║ <3 Playwright Team                                                   ║
    ╚══════════════════════════════════════════════════════════════════════╝

    Retry #1 ───────────────────────────────────────────────────────────────────────────────────────

    Error: browserType.launch: Executable doesn't exist at /ms-playwright/chromium-1194/chrome-linux/chrome
    ╔══════════════════════════════════════════════════════════════════════╗
    ║ Looks like Playwright Test or Playwright was just updated to 1.56.1. ║
    ║ Please update docker image as well.                                  ║
    ║ -  current: mcr.microsoft.com/playwright:v1.43.1-jammy               ║
    ║ - required: mcr.microsoft.com/playwright:v1.56.1-jammy               ║
    ║                                                                      ║
    ║ <3 Playwright Team                                                   ║
    ╚══════════════════════════════════════════════════════════════════════╝

    attachment #1: trace (application/zip) ─────────────────────────────────────────────────────────
    ../reports/example-get-started-link-Chromium-retry1/trace.zip
    Usage:

        npx playwright show-trace ../reports/example-get-started-link-Chromium-retry1/trace.zip

    ────────────────────────────────────────────────────────────────────────────────────────────────
]]>
</failure>
<system-out>
<![CDATA[
[[ATTACHMENT|example-get-started-link-Chromium-retry1/trace.zip]]
]]>
</system-out>
</testcase>
</testsuite>
<testsuite name="forms.spec.ts" timestamp="2025-10-24T16:35:33.473Z" hostname="Chromium" tests="1" failures="1" skipped="0" time="0.021" errors="0">
<testcase name="Submit form with valid data" classname="forms.spec.ts" time="0.021">
<failure message="forms.spec.ts:5:5 Submit form with valid data" type="FAILURE">
<![CDATA[  [Chromium] › forms.spec.ts:5:5 › Submit form with valid data ─────────────────────────────────────

    Error: browserType.launch: Executable doesn't exist at /ms-playwright/chromium-1194/chrome-linux/chrome
    ╔══════════════════════════════════════════════════════════════════════╗
    ║ Looks like Playwright Test or Playwright was just updated to 1.56.1. ║
    ║ Please update docker image as well.                                  ║
    ║ -  current: mcr.microsoft.com/playwright:v1.43.1-jammy               ║
    ║ - required: mcr.microsoft.com/playwright:v1.56.1-jammy               ║
    ║                                                                      ║
    ║ <3 Playwright Team                                                   ║
    ╚══════════════════════════════════════════════════════════════════════╝

    Retry #1 ───────────────────────────────────────────────────────────────────────────────────────

    Error: browserType.launch: Executable doesn't exist at /ms-playwright/chromium-1194/chrome-linux/chrome
    ╔══════════════════════════════════════════════════════════════════════╗
    ║ Looks like Playwright Test or Playwright was just updated to 1.56.1. ║
    ║ Please update docker image as well.                                  ║
    ║ -  current: mcr.microsoft.com/playwright:v1.43.1-jammy               ║
    ║ - required: mcr.microsoft.com/playwright:v1.56.1-jammy               ║
    ║                                                                      ║
    ║ <3 Playwright Team                                                   ║
    ╚══════════════════════════════════════════════════════════════════════╝

    attachment #1: trace (application/zip) ─────────────────────────────────────────────────────────
    ../reports/forms-Submit-form-with-valid-data-Chromium-retry1/trace.zip
    Usage:

        npx playwright show-trace ../reports/forms-Submit-form-with-valid-data-Chromium-retry1/trace.zip

    ────────────────────────────────────────────────────────────────────────────────────────────────
]]>
</failure>
<system-out>
<![CDATA[
[[ATTACHMENT|forms-Submit-form-with-valid-data-Chromium-retry1/trace.zip]]
]]>
</system-out>
</testcase>
</testsuite>
<testsuite name="example.spec.ts" timestamp="2025-10-24T16:35:33.473Z" hostname="Firefox" tests="2" failures="2" skipped="0" time="0.037" errors="0">
<testcase name="has title" classname="example.spec.ts" time="0.022">
<failure message="example.spec.ts:3:5 has title" type="FAILURE">
<![CDATA[  [Firefox] › example.spec.ts:3:5 › has title ──────────────────────────────────────────────────────

    Error: browserType.launch: Executable doesn't exist at /ms-playwright/firefox-1495/firefox/firefox
    ╔══════════════════════════════════════════════════════════════════════╗
    ║ Looks like Playwright Test or Playwright was just updated to 1.56.1. ║
    ║ Please update docker image as well.                                  ║
    ║ -  current: mcr.microsoft.com/playwright:v1.43.1-jammy               ║
    ║ - required: mcr.microsoft.com/playwright:v1.56.1-jammy               ║
    ║                                                                      ║
    ║ <3 Playwright Team                                                   ║
    ╚══════════════════════════════════════════════════════════════════════╝

    Retry #1 ───────────────────────────────────────────────────────────────────────────────────────

    Error: browserType.launch: Executable doesn't exist at /ms-playwright/firefox-1495/firefox/firefox
    ╔══════════════════════════════════════════════════════════════════════╗
    ║ Looks like Playwright Test or Playwright was just updated to 1.56.1. ║
    ║ Please update docker image as well.                                  ║
    ║ -  current: mcr.microsoft.com/playwright:v1.43.1-jammy               ║
    ║ - required: mcr.microsoft.com/playwright:v1.56.1-jammy               ║
    ║                                                                      ║
    ║ <3 Playwright Team                                                   ║
    ╚══════════════════════════════════════════════════════════════════════╝

    attachment #1: trace (application/zip) ─────────────────────────────────────────────────────────
    ../reports/example-has-title-Firefox-retry1/trace.zip
    Usage:

        npx playwright show-trace ../reports/example-has-title-Firefox-retry1/trace.zip

    ────────────────────────────────────────────────────────────────────────────────────────────────
]]>
</failure>
<system-out>
<![CDATA[
[[ATTACHMENT|example-has-title-Firefox-retry1/trace.zip]]
]]>
</system-out>
</testcase>
<testcase name="get started link" classname="example.spec.ts" time="0.015">
<failure message="example.spec.ts:10:5 get started link" type="FAILURE">
<![CDATA[  [Firefox] › example.spec.ts:10:5 › get started link ──────────────────────────────────────────────

    Error: browserType.launch: Executable doesn't exist at /ms-playwright/firefox-1495/firefox/firefox
    ╔══════════════════════════════════════════════════════════════════════╗
    ║ Looks like Playwright Test or Playwright was just updated to 1.56.1. ║
    ║ Please update docker image as well.                                  ║
    ║ -  current: mcr.microsoft.com/playwright:v1.43.1-jammy               ║
    ║ - required: mcr.microsoft.com/playwright:v1.56.1-jammy               ║
    ║                                                                      ║
    ║ <3 Playwright Team                                                   ║
    ╚══════════════════════════════════════════════════════════════════════╝

    Retry #1 ───────────────────────────────────────────────────────────────────────────────────────

    Error: browserType.launch: Executable doesn't exist at /ms-playwright/firefox-1495/firefox/firefox
    ╔══════════════════════════════════════════════════════════════════════╗
    ║ Looks like Playwright Test or Playwright was just updated to 1.56.1. ║
    ║ Please update docker image as well.                                  ║
    ║ -  current: mcr.microsoft.com/playwright:v1.43.1-jammy               ║
    ║ - required: mcr.microsoft.com/playwright:v1.56.1-jammy               ║
    ║                                                                      ║
    ║ <3 Playwright Team                                                   ║
    ╚══════════════════════════════════════════════════════════════════════╝

    attachment #1: trace (application/zip) ─────────────────────────────────────────────────────────
    ../reports/example-get-started-link-Firefox-retry1/trace.zip
    Usage:

        npx playwright show-trace ../reports/example-get-started-link-Firefox-retry1/trace.zip

    ────────────────────────────────────────────────────────────────────────────────────────────────
]]>
</failure>
<system-out>
<![CDATA[
[[ATTACHMENT|example-get-started-link-Firefox-retry1/trace.zip]]
]]>
</system-out>
</testcase>
</testsuite>
<testsuite name="forms.spec.ts" timestamp="2025-10-24T16:35:33.473Z" hostname="Firefox" tests="1" failures="1" skipped="0" time="0.015" errors="0">
<testcase name="Submit form with valid data" classname="forms.spec.ts" time="0.015">
<failure message="forms.spec.ts:5:5 Submit form with valid data" type="FAILURE">
<![CDATA[  [Firefox] › forms.spec.ts:5:5 › Submit form with valid data ──────────────────────────────────────

    Error: browserType.launch: Executable doesn't exist at /ms-playwright/firefox-1495/firefox/firefox
    ╔══════════════════════════════════════════════════════════════════════╗
    ║ Looks like Playwright Test or Playwright was just updated to 1.56.1. ║
    ║ Please update docker image as well.                                  ║
    ║ -  current: mcr.microsoft.com/playwright:v1.43.1-jammy               ║
    ║ - required: mcr.microsoft.com/playwright:v1.56.1-jammy               ║
    ║                                                                      ║
    ║ <3 Playwright Team                                                   ║
    ╚══════════════════════════════════════════════════════════════════════╝

    Retry #1 ───────────────────────────────────────────────────────────────────────────────────────

    Error: browserType.launch: Executable doesn't exist at /ms-playwright/firefox-1495/firefox/firefox
    ╔══════════════════════════════════════════════════════════════════════╗
    ║ Looks like Playwright Test or Playwright was just updated to 1.56.1. ║
    ║ Please update docker image as well.                                  ║
    ║ -  current: mcr.microsoft.com/playwright:v1.43.1-jammy               ║
    ║ - required: mcr.microsoft.com/playwright:v1.56.1-jammy               ║
    ║                                                                      ║
    ║ <3 Playwright Team                                                   ║
    ╚══════════════════════════════════════════════════════════════════════╝

    attachment #1: trace (application/zip) ─────────────────────────────────────────────────────────
    ../reports/forms-Submit-form-with-valid-data-Firefox-retry1/trace.zip
    Usage:

        npx playwright show-trace ../reports/forms-Submit-form-with-valid-data-Firefox-retry1/trace.zip

    ────────────────────────────────────────────────────────────────────────────────────────────────
]]>
</failure>
<system-out>
<![CDATA[
[[ATTACHMENT|forms-Submit-form-with-valid-data-Firefox-retry1/trace.zip]]
]]>
</system-out>
</testcase>
</testsuite>
</testsuites>